2018-09-27 14:22:13,168 INFO o.a.j.u.JMeterUtils: Setting Locale to en_GB
2018-09-27 14:22:13,231 INFO o.a.j.JMeter: Loading user properties from: user.properties
2018-09-27 14:22:13,278 INFO o.a.j.JMeter: Loading system properties from: system.properties
2018-09-27 14:22:13,309 INFO o.a.j.JMeter: Copyright (c) 1998-2018 The Apache Software Foundation
2018-09-27 14:22:13,309 INFO o.a.j.JMeter: Version 4.0 r1823414
2018-09-27 14:22:13,309 INFO o.a.j.JMeter: java.version=1.8.0_181
2018-09-27 14:22:13,309 INFO o.a.j.JMeter: java.vm.name=Java HotSpot(TM) 64-Bit Server VM
2018-09-27 14:22:13,309 INFO o.a.j.JMeter: os.name=Windows 8.1
2018-09-27 14:22:13,309 INFO o.a.j.JMeter: os.arch=amd64
2018-09-27 14:22:13,309 INFO o.a.j.JMeter: os.version=6.3
2018-09-27 14:22:13,309 INFO o.a.j.JMeter: file.encoding=Cp1252
2018-09-27 14:22:13,309 INFO o.a.j.JMeter: Max memory     =3795845120
2018-09-27 14:22:13,309 INFO o.a.j.JMeter: Available Processors =4
2018-09-27 14:22:13,309 INFO o.a.j.JMeter: Default Locale=English (United Kingdom)
2018-09-27 14:22:13,309 INFO o.a.j.JMeter: JMeter  Locale=English (United Kingdom)
2018-09-27 14:22:13,309 INFO o.a.j.JMeter: JMeterHome=C:\Users\Chris\Desktop\QA Consulting\Teaching Material\Advanced_Automated_Testing\Week7_Day3\apache-jmeter-4.0
2018-09-27 14:22:13,309 INFO o.a.j.JMeter: user.dir  =C:\Users\Chris\Desktop\QA Consulting\Teaching Material\Advanced_Automated_Testing\Week7_Day3\apache-jmeter-4.0\bin
2018-09-27 14:22:13,309 INFO o.a.j.JMeter: PWD       =C:\Users\Chris\Desktop\QA Consulting\Teaching Material\Advanced_Automated_Testing\Week7_Day3\apache-jmeter-4.0\bin
2018-09-27 14:22:17,855 INFO o.a.j.JMeter: IP: 192.168.56.1 Name: WindowDefender FullName: WindowDefender
2018-09-27 14:22:18,743 INFO o.a.j.g.a.LookAndFeelCommand: Installing Darcula LAF
2018-09-27 14:22:18,900 INFO o.a.j.g.a.LookAndFeelCommand: Using look and feel: com.bulenkov.darcula.DarculaLaf [Darcula]
2018-09-27 14:22:18,900 INFO o.a.j.JMeter: Setting LAF to: com.bulenkov.darcula.DarculaLaf
2018-09-27 14:22:19,051 INFO o.a.j.JMeter: Loaded icon properties from org/apache/jmeter/images/icon.properties
2018-09-27 14:22:20,497 INFO o.a.j.e.u.CompoundVariable: Note: Function class names must contain the string: '.functions.'
2018-09-27 14:22:20,497 INFO o.a.j.e.u.CompoundVariable: Note: Function class names must not contain the string: '.gui.'
2018-09-27 14:22:23,404 INFO o.j.r.JARSourceHTTP: Requesting https://jmeter-plugins.org/repo/?installID=windows_8.1-4f25d1a20afc1901dabb76966282d713-gui
2018-09-27 14:22:24,841 WARN o.a.j.g.u.MenuFactory: Configuration error, probably corrupt or missing third party library(jar)? Could not create class: kg.apc.jmeter.reporters.LoadosophiaUploaderGui.
java.lang.NoClassDefFoundError: org/apache/commons/httpclient/methods/multipart/PartSource
	at kg.apc.jmeter.reporters.LoadosophiaUploaderGui.init(LoadosophiaUploaderGui.java:126) ~[JMeterPlugins-Extras.jar:?]
	at kg.apc.jmeter.reporters.LoadosophiaUploaderGui.<init>(LoadosophiaUploaderGui.java:32) ~[JMeterPlugins-Extras.jar:?]
	at sun.reflect.NativeConstructorAccessorImpl.newInstance0(Native Method) ~[?:1.8.0_181]
	at sun.reflect.NativeConstructorAccessorImpl.newInstance(Unknown Source) ~[?:1.8.0_181]
	at sun.reflect.DelegatingConstructorAccessorImpl.newInstance(Unknown Source) ~[?:1.8.0_181]
	at java.lang.reflect.Constructor.newInstance(Unknown Source) ~[?:1.8.0_181]
	at java.lang.Class.newInstance(Unknown Source) ~[?:1.8.0_181]
	at org.apache.jmeter.gui.util.MenuFactory.getGUIComponent(MenuFactory.java:174) ~[ApacheJMeter_core.jar:4.0 r1823414]
	at org.apache.jmeter.gui.util.MenuFactory.initializeMenus(MenuFactory.java:141) ~[ApacheJMeter_core.jar:4.0 r1823414]
	at org.apache.jmeter.gui.util.MenuFactory.<clinit>(MenuFactory.java:106) ~[ApacheJMeter_core.jar:4.0 r1823414]
	at org.apache.jmeter.control.gui.TestPlanGui.createPopupMenu(TestPlanGui.java:92) ~[ApacheJMeter_core.jar:4.0 r1823414]
	at org.apache.jmeter.gui.tree.JMeterTreeNode.createPopupMenu(JMeterTreeNode.java:155) ~[ApacheJMeter_core.jar:4.0 r1823414]
	at org.apache.jmeter.gui.action.EditCommand.doAction(EditCommand.java:46) ~[ApacheJMeter_core.jar:4.0 r1823414]
	at org.apache.jmeter.gui.action.ActionRouter.performAction(ActionRouter.java:88) ~[ApacheJMeter_core.jar:4.0 r1823414]
	at org.apache.jmeter.gui.action.ActionRouter.lambda$actionPerformed$0(ActionRouter.java:70) ~[ApacheJMeter_core.jar:4.0 r1823414]
	at java.awt.event.InvocationEvent.dispatch(Unknown Source) [?:1.8.0_181]
	at java.awt.EventQueue.dispatchEventImpl(Unknown Source) [?:1.8.0_181]
	at java.awt.EventQueue.access$500(Unknown Source) [?:1.8.0_181]
	at java.awt.EventQueue$3.run(Unknown Source) [?:1.8.0_181]
	at java.awt.EventQueue$3.run(Unknown Source) [?:1.8.0_181]
	at java.security.AccessController.doPrivileged(Native Method) [?:1.8.0_181]
	at java.security.ProtectionDomain$JavaSecurityAccessImpl.doIntersectionPrivilege(Unknown Source) [?:1.8.0_181]
	at java.awt.EventQueue.dispatchEvent(Unknown Source) [?:1.8.0_181]
	at java.awt.EventDispatchThread.pumpOneEventForFilters(Unknown Source) [?:1.8.0_181]
	at java.awt.EventDispatchThread.pumpEventsForFilter(Unknown Source) [?:1.8.0_181]
	at java.awt.EventDispatchThread.pumpEventsForHierarchy(Unknown Source) [?:1.8.0_181]
	at java.awt.EventDispatchThread.pumpEvents(Unknown Source) [?:1.8.0_181]
	at java.awt.EventDispatchThread.pumpEvents(Unknown Source) [?:1.8.0_181]
	at java.awt.EventDispatchThread.run(Unknown Source) [?:1.8.0_181]
Caused by: java.lang.ClassNotFoundException: org.apache.commons.httpclient.methods.multipart.PartSource
	at java.net.URLClassLoader.findClass(Unknown Source) ~[?:1.8.0_181]
	at java.lang.ClassLoader.loadClass(Unknown Source) ~[?:1.8.0_181]
	at java.lang.ClassLoader.loadClass(Unknown Source) ~[?:1.8.0_181]
	... 29 more
2018-09-27 14:22:26,465 INFO o.a.j.p.h.s.HTTPSamplerBase: Parser for text/html is org.apache.jmeter.protocol.http.parser.LagartoBasedHtmlParser
2018-09-27 14:22:26,465 INFO o.a.j.p.h.s.HTTPSamplerBase: Parser for application/xhtml+xml is org.apache.jmeter.protocol.http.parser.LagartoBasedHtmlParser
2018-09-27 14:22:26,465 INFO o.a.j.p.h.s.HTTPSamplerBase: Parser for application/xml is org.apache.jmeter.protocol.http.parser.LagartoBasedHtmlParser
2018-09-27 14:22:26,465 INFO o.a.j.p.h.s.HTTPSamplerBase: Parser for text/xml is org.apache.jmeter.protocol.http.parser.LagartoBasedHtmlParser
2018-09-27 14:22:26,465 INFO o.a.j.p.h.s.HTTPSamplerBase: Parser for text/vnd.wap.wml is org.apache.jmeter.protocol.http.parser.RegexpHTMLParser
2018-09-27 14:22:26,465 INFO o.a.j.p.h.s.HTTPSamplerBase: Parser for text/css is org.apache.jmeter.protocol.http.parser.CssParser
2018-09-27 14:22:26,730 INFO o.j.r.PluginManager: Plugins Status: [jpgc-graphs-basic=2.0, jpgc-graphs-additional=Extras, jpgc-autostop=Extras, jpgc-sense=Extras, jpgc-cmd=2.1, jpgc-graphs-composite=Extras, jpgc-csl=Extras, jpgc-functions=Extras, jpgc-casutg=2.5, jpgc-dbmon=Extras, jpgc-graphs-dist=Extras, jpgc-dummy=Extras, jpgc-ffw=Extras, jpgc-ggl=2.0, jpgc-httpraw=Extras, jpgc-sts=Extras, jpgc-fifo=Extras, jpgc-jmxmon=Extras, jpgc-graphs-vs=Extras, jpgc-lockfile=Extras, jpgc-mergeresults=Extras, jpgc-pde=Extras, jpgc-prmctl=Extras, jpgc-perfmon=Extras, jpgc-plugins-manager=1.2, jpgc-synthesis=Extras, jpgc-plancheck=Extras, jpgc-tst=Extras, jpgc-udp=Extras, jpgc-csvars=Extras, jpgc-xml=Extras, jmeter-core=4.0, jmeter-ftp=4.0, jmeter-http=4.0, jmeter-jdbc=4.0, jmeter-jms=4.0, jmeter-junit=4.0, jmeter-java=4.0, jmeter-ldap=4.0, jmeter-mail=4.0, jmeter-mongodb=4.0, jmeter-native=4.0, jmeter-tcp=4.0, jmeter-components=4.0, jpgc-standard=2.0]
2018-09-27 14:22:26,746 INFO o.j.r.PluginManagerMenuItem: Plugins Manager has upgrades: [jpgc-plugins-manager]
2018-09-27 14:22:27,258 INFO o.a.j.e.KeyToolUtils: keytool found at 'keytool'
2018-09-27 14:22:27,258 INFO o.a.j.p.h.p.ProxyControl: HTTP(S) Test Script Recorder SSL Proxy will use keys that support embedded 3rd party resources in file C:\Users\Chris\Desktop\QA Consulting\Teaching Material\Advanced_Automated_Testing\Week7_Day3\apache-jmeter-4.0\bin\proxyserver.jks
2018-09-27 14:22:27,477 INFO o.a.j.s.FileServer: Default base='C:\Users\Chris\Desktop\QA Consulting\Teaching Material\Advanced_Automated_Testing\Week7_Day3\apache-jmeter-4.0\bin'
2018-09-27 14:22:28,356 INFO o.a.j.s.SampleResult: Note: Sample TimeStamps are START times
2018-09-27 14:22:28,356 INFO o.a.j.s.SampleResult: sampleresult.default.encoding is set to ISO-8859-1
2018-09-27 14:22:28,356 INFO o.a.j.s.SampleResult: sampleresult.useNanoTime=true
2018-09-27 14:22:28,356 INFO o.a.j.s.SampleResult: sampleresult.nanoThreadSleep=5000
2018-09-27 14:22:40,829 INFO o.a.j.g.a.Load: Loading file: C:\Users\Chris\Desktop\QA Consulting\Teaching Material\Advanced_Automated_Testing\Week7_Day5\JMeterTesting\OwnerRestAPI\PetClinicTestPlan.jmx
2018-09-27 14:22:40,829 INFO o.a.j.s.FileServer: Set new base='C:\Users\Chris\Desktop\QA Consulting\Teaching Material\Advanced_Automated_Testing\Week7_Day5\JMeterTesting\OwnerRestAPI'
2018-09-27 14:22:41,200 INFO o.a.j.s.SaveService: Testplan (JMX) version: 2.2. Testlog (JTL) version: 2.2
2018-09-27 14:22:41,231 INFO o.a.j.s.SaveService: Using SaveService properties file encoding UTF-8
2018-09-27 14:22:41,231 INFO o.a.j.s.SaveService: Using SaveService properties version 4.0
2018-09-27 14:22:41,231 INFO o.a.j.s.SaveService: Loading file: C:\Users\Chris\Desktop\QA Consulting\Teaching Material\Advanced_Automated_Testing\Week7_Day5\JMeterTesting\OwnerRestAPI\PetClinicTestPlan.jmx
2018-09-27 14:22:41,684 INFO o.a.j.s.FileServer: Set new base='C:\Users\Chris\Desktop\QA Consulting\Teaching Material\Advanced_Automated_Testing\Week7_Day5\JMeterTesting\OwnerRestAPI'
